<?xml version="1.0" encoding="UTF-8"?>
<!-- Generated by org.testng.reporters.JUnitReportReporter -->
<testsuite skipped="2" hostname="CPX-3OA0BOY08WS" name="runner.TestRunner" tests="2" failures="0" timestamp="2020-08-26T10:39:24 BRT" time="0.273" errors="0">
  <testcase name="runScenario" time="0.002" classname="runner.TestRunner">
    <skipped/>
  </testcase> <!-- runScenario -->
  <system-out/>
  <testcase name="runScenario" time="0.271" classname="runner.TestRunner">
    <skipped/>
  </testcase> <!-- runScenario -->
  <system-out/>
</testsuite> <!-- runner.TestRunner -->
