<?xml version="1.0" encoding="UTF-8"?>
<!-- Generated by org.testng.reporters.JUnitReportReporter -->
<testsuite skipped="0" hostname="CPX-3OA0BOY08WS" name="runner.TestRunner" tests="2" failures="0" timestamp="2020-08-26T17:17:31 BRT" time="46.779" errors="0">
  <testcase name="runScenario" time="21.917" classname="runner.TestRunner"/>
  <system-out/>
  <testcase name="runScenario" time="24.862" classname="runner.TestRunner"/>
  <system-out/>
</testsuite> <!-- runner.TestRunner -->
